  ex.c
C:\Study\WorkSpace\C\PointerPrj\PointerPrj\ex.c(15,9): warning C4477: 'printf' : 서식 문자열 '%d'에 'int' 형식의 인수가 필요하지만 variadic 인수 1의 형식이 'char *'입니다.
C:\Study\WorkSpace\C\PointerPrj\PointerPrj\ex.c(15,9): warning C4313: 'printf': 서식 문자열의 '%d'이(가) char *' 형식의 인수 1과(와) 충돌합니다.
C:\Study\WorkSpace\C\PointerPrj\PointerPrj\ex.c(15,9): warning C4477: 'printf' : 서식 문자열 '%d'에 'int' 형식의 인수가 필요하지만 variadic 인수 2의 형식이 'int *'입니다.
C:\Study\WorkSpace\C\PointerPrj\PointerPrj\ex.c(15,9): warning C4313: 'printf': 서식 문자열의 '%d'이(가) int *' 형식의 인수 2과(와) 충돌합니다.
C:\Study\WorkSpace\C\PointerPrj\PointerPrj\ex.c(15,9): warning C4477: 'printf' : 서식 문자열 '%d'에 'int' 형식의 인수가 필요하지만 variadic 인수 3의 형식이 'double *'입니다.
C:\Study\WorkSpace\C\PointerPrj\PointerPrj\ex.c(15,9): warning C4313: 'printf': 서식 문자열의 '%d'이(가) double *' 형식의 인수 3과(와) 충돌합니다.
C:\Study\WorkSpace\C\PointerPrj\PointerPrj\ex.c(21,9): warning C4477: 'printf' : 서식 문자열 '%d'에 'int' 형식의 인수가 필요하지만 variadic 인수 1의 형식이 'char *'입니다.
C:\Study\WorkSpace\C\PointerPrj\PointerPrj\ex.c(21,9): warning C4313: 'printf': 서식 문자열의 '%d'이(가) char *' 형식의 인수 1과(와) 충돌합니다.
C:\Study\WorkSpace\C\PointerPrj\PointerPrj\ex.c(21,9): warning C4477: 'printf' : 서식 문자열 '%d'에 'int' 형식의 인수가 필요하지만 variadic 인수 2의 형식이 'int *'입니다.
C:\Study\WorkSpace\C\PointerPrj\PointerPrj\ex.c(21,9): warning C4313: 'printf': 서식 문자열의 '%d'이(가) int *' 형식의 인수 2과(와) 충돌합니다.
C:\Study\WorkSpace\C\PointerPrj\PointerPrj\ex.c(21,9): warning C4477: 'printf' : 서식 문자열 '%d'에 'int' 형식의 인수가 필요하지만 variadic 인수 3의 형식이 'double *'입니다.
C:\Study\WorkSpace\C\PointerPrj\PointerPrj\ex.c(21,9): warning C4313: 'printf': 서식 문자열의 '%d'이(가) double *' 형식의 인수 3과(와) 충돌합니다.
C:\Study\WorkSpace\C\PointerPrj\PointerPrj\ex.c(23,9): warning C4477: 'printf' : 서식 문자열 '%d'에 'int' 형식의 인수가 필요하지만 variadic 인수 1의 형식이 'char *'입니다.
C:\Study\WorkSpace\C\PointerPrj\PointerPrj\ex.c(23,9): warning C4313: 'printf': 서식 문자열의 '%d'이(가) char *' 형식의 인수 1과(와) 충돌합니다.
C:\Study\WorkSpace\C\PointerPrj\PointerPrj\ex.c(23,9): warning C4477: 'printf' : 서식 문자열 '%d'에 'int' 형식의 인수가 필요하지만 variadic 인수 2의 형식이 'int *'입니다.
C:\Study\WorkSpace\C\PointerPrj\PointerPrj\ex.c(23,9): warning C4313: 'printf': 서식 문자열의 '%d'이(가) int *' 형식의 인수 2과(와) 충돌합니다.
C:\Study\WorkSpace\C\PointerPrj\PointerPrj\ex.c(23,9): warning C4477: 'printf' : 서식 문자열 '%d'에 'int' 형식의 인수가 필요하지만 variadic 인수 3의 형식이 'double *'입니다.
C:\Study\WorkSpace\C\PointerPrj\PointerPrj\ex.c(23,9): warning C4313: 'printf': 서식 문자열의 '%d'이(가) double *' 형식의 인수 3과(와) 충돌합니다.
C:\Study\WorkSpace\C\PointerPrj\PointerPrj\ex.c(28,9): warning C4477: 'printf' : 서식 문자열 '%d'에 'int' 형식의 인수가 필요하지만 variadic 인수 2의 형식이 'int *'입니다.
C:\Study\WorkSpace\C\PointerPrj\PointerPrj\ex.c(28,9): warning C4313: 'printf': 서식 문자열의 '%d'이(가) int *' 형식의 인수 2과(와) 충돌합니다.
C:\Study\WorkSpace\C\PointerPrj\PointerPrj\ex.c(31,9): warning C4477: 'printf' : 서식 문자열 '%d'에 'int' 형식의 인수가 필요하지만 variadic 인수 2의 형식이 'int *'입니다.
C:\Study\WorkSpace\C\PointerPrj\PointerPrj\ex.c(31,9): warning C4313: 'printf': 서식 문자열의 '%d'이(가) int *' 형식의 인수 2과(와) 충돌합니다.
C:\Study\WorkSpace\C\PointerPrj\PointerPrj\ex.c(34,9): warning C4477: 'printf' : 서식 문자열 '%d'에 'int' 형식의 인수가 필요하지만 variadic 인수 2의 형식이 'int *'입니다.
C:\Study\WorkSpace\C\PointerPrj\PointerPrj\ex.c(34,9): warning C4313: 'printf': 서식 문자열의 '%d'이(가) int *' 형식의 인수 2과(와) 충돌합니다.
  PointerPrj.vcxproj -> C:\Study\WorkSpace\C\PointerPrj\x64\Debug\PointerPrj.exe
